[0.023s] Invoking command in '/home/feyzieren/ros2_ws/build/my_cpp_pkg': CMAKE_PREFIX_PATH=${CMAKE_PREFIX_PATH}:/home/feyzieren/ros2_ws/install/my_py_pkg:/opt/ros/humble /usr/bin/cmake --build /home/feyzieren/ros2_ws/build/my_cpp_pkg -- -j12 -l12
[0.098s] [35m[1mConsolidate compiler generated dependencies of target cpp_node[0m
[0.109s] [35m[1mConsolidate compiler generated dependencies of target number_publisher[0m
[0.113s] [35m[1mConsolidate compiler generated dependencies of target robot_news_station[0m
[0.113s] [35m[1mConsolidate compiler generated dependencies of target hardware_status_publisher[0m
[0.113s] [35m[1mConsolidate compiler generated dependencies of target number_counter[0m
[0.113s] [35m[1mConsolidate compiler generated dependencies of target smartphone[0m
[0.116s] [35m[1mConsolidate compiler generated dependencies of target add_two_ints_client[0m
[0.123s] [35m[1mConsolidate compiler generated dependencies of target add_two_ints_server[0m
[0.147s] [  5%] [32mBuilding CXX object CMakeFiles/hardware_status_publisher.dir/src/hw_status_publisher.cpp.o[0m
[0.155s] [ 10%] [32mBuilding CXX object CMakeFiles/battery.dir/src/battery.cpp.o[0m
[0.156s] [ 20%] Built target cpp_node
[0.160s] [ 30%] Built target add_two_ints_client
[0.162s] [ 40%] Built target robot_news_station
[0.171s] [ 50%] Built target number_counter
[0.171s] [ 55%] [32mBuilding CXX object CMakeFiles/led_panel.dir/src/led_panel.cpp.o[0m
[0.173s] [ 65%] Built target add_two_ints_server
[0.174s] [ 75%] Built target number_publisher
[0.185s] [ 85%] Built target smartphone
[0.618s] [01m[K/home/feyzieren/ros2_ws/src/my_cpp_pkg/src/battery.cpp:2:10:[m[K [01;31m[Kfatal error: [m[Kmy_robot_interfaces/srv/set_led.hpp: No such file or directory
[0.618s]     2 | #include [01;31m[K"my_robot_interfaces/srv/set_led.hpp"[m[K
[0.618s]       |          [01;31m[K^~~~~~~~~~~~~~~~~~~~~~~~~~~~~~~~~~~~~[m[K
[0.618s] compilation terminated.
[0.624s] gmake[2]: *** [CMakeFiles/battery.dir/build.make:76: CMakeFiles/battery.dir/src/battery.cpp.o] Error 1
[0.625s] gmake[1]: *** [CMakeFiles/Makefile2:389: CMakeFiles/battery.dir/all] Error 2
[0.625s] gmake[1]: *** Waiting for unfinished jobs....
[0.631s] [01m[K/home/feyzieren/ros2_ws/src/my_cpp_pkg/src/led_panel.cpp:2:10:[m[K [01;31m[Kfatal error: [m[Kmy_robot_interfaces/msg/led_state_array.hpp: No such file or directory
[0.631s]     2 | #include [01;31m[K"my_robot_interfaces/msg/led_state_array.hpp"[m[K
[0.631s]       |          [01;31m[K^~~~~~~~~~~~~~~~~~~~~~~~~~~~~~~~~~~~~~~~~~~~~[m[K
[0.632s] compilation terminated.
[0.635s] gmake[2]: *** [CMakeFiles/led_panel.dir/build.make:76: CMakeFiles/led_panel.dir/src/led_panel.cpp.o] Error 1
[0.635s] gmake[1]: *** [CMakeFiles/Makefile2:363: CMakeFiles/led_panel.dir/all] Error 2
[5.431s] [ 90%] [32m[1mLinking CXX executable hardware_status_publisher[0m
[5.683s] [ 90%] Built target hardware_status_publisher
[5.684s] gmake: *** [Makefile:146: all] Error 2
[5.688s] Invoked command in '/home/feyzieren/ros2_ws/build/my_cpp_pkg' returned '2': CMAKE_PREFIX_PATH=${CMAKE_PREFIX_PATH}:/home/feyzieren/ros2_ws/install/my_py_pkg:/opt/ros/humble /usr/bin/cmake --build /home/feyzieren/ros2_ws/build/my_cpp_pkg -- -j12 -l12
