<?xml version="1.0" encoding="UTF-8"?>
<Site BuildName="(empty)"
	BuildStamp="20241104-0943-Experimental"
	Name="feyzieren-MS-7A38"
	Generator="ctest-3.22.1"
	CompilerName="/usr/bin/g++"
	CompilerVersion="11.4.0"
	OSName="Linux"
	Hostname="feyzieren-MS-7A38"
	OSRelease="6.8.0-48-generic"
	OSVersion="#48~22.04.1-Ubuntu SMP PREEMPT_DYNAMIC Mon Oct  7 11:24:13 UTC 2"
	OSPlatform="x86_64"
	Is64Bits="1"
	VendorString="AuthenticAMD"
	VendorID="Advanced Micro Devices"
	FamilyID="23"
	ModelID="1"
	ProcessorCacheSize="512"
	NumberOfLogicalCPU="12"
	NumberOfPhysicalCPU="6"
	TotalVirtualMemory="2047"
	TotalPhysicalMemory="7881"
	LogicalProcessorsPerPhysical="2"
	ProcessorClockFrequency="3384.16"
	>
	<Testing>
		<StartDateTime>Nov 04 14:13 +03</StartDateTime>
		<StartTestTime>1730718829</StartTestTime>
		<TestList/>
		<EndDateTime>Nov 04 14:13 +03</EndDateTime>
		<EndTestTime>1730718829</EndTestTime>
		<ElapsedMinutes>0</ElapsedMinutes>
	</Testing>
</Site>
